<?xml version="1.0" encoding="UTF-8"?>
<!-- Generated by org.testng.reporters.JUnitXMLReporter -->
<testsuite hostname="DESKTOP-R0FCB55" name="Test" tests="1" failures="0" timestamp="8 Jan 2021 14:47:32 GMT" time="0.036" errors="0">
  <testcase name="@BeforeMethod setUp" time="0.0" classname="com.FB2021.test.SignInTest">
    <failure type="java.lang.NullPointerException">
      <![CDATA[java.lang.NullPointerException
	at com.FB2021.Base.BrowserUtility.initialization(BrowserUtility.java:53)
	at com.FB2021.test.SignInTest.setUp(SignInTest.java:33)
... Removed 26 stack frames]]>
    </failure>
  </testcase> <!-- @BeforeMethod setUp -->
  <testcase name="@AfterMethod TearDown" time="0.0" classname="com.FB2021.test.SignInTest">
    <skipped/>
  </testcase> <!-- @AfterMethod TearDown -->
  <testcase name="loginPageTitle" time="0.001" classname="com.FB2021.test.SignInTest">
    <skipped/>
  </testcase> <!-- loginPageTitle -->
</testsuite> <!-- Test -->
