<?xml version="1.0" encoding="UTF-8"?>
<testng-results skipped="1" failed="0" total="1" passed="0">
  <reporter-output>
  </reporter-output>
  <suite name="Suite" duration-ms="36" started-at="2021-01-08T14:47:32Z" finished-at="2021-01-08T14:47:32Z">
    <groups>
    </groups>
    <test name="Test" duration-ms="36" started-at="2021-01-08T14:47:32Z" finished-at="2021-01-08T14:47:32Z">
      <class name="com.FB2021.test.SignInTest">
        <test-method status="FAIL" signature="setUp()[pri:0, instance:com.FB2021.test.SignInTest@6a41eaa2]" name="setUp" is-config="true" duration-ms="0" started-at="2021-01-08T15:47:32Z" finished-at="2021-01-08T15:47:32Z">
          <exception class="java.lang.NullPointerException">
            <full-stacktrace>
              <![CDATA[java.lang.NullPointerException
	at com.FB2021.Base.BrowserUtility.initialization(BrowserUtility.java:53)
	at com.FB2021.test.SignInTest.setUp(SignInTest.java:33)
	at sun.reflect.NativeMethodAccessorImpl.invoke0(Native Method)
	at sun.reflect.NativeMethodAccessorImpl.invoke(NativeMethodAccessorImpl.java:62)
	at sun.reflect.DelegatingMethodAccessorImpl.invoke(DelegatingMethodAccessorImpl.java:43)
	at java.lang.reflect.Method.invoke(Method.java:498)
	at org.testng.internal.MethodInvocationHelper.invokeMethod(MethodInvocationHelper.java:80)
	at org.testng.internal.Invoker.invokeConfigurationMethod(Invoker.java:564)
	at org.testng.internal.Invoker.invokeConfigurations(Invoker.java:213)
	at org.testng.internal.Invoker.invokeMethod(Invoker.java:653)
	at org.testng.internal.Invoker.invokeTestMethod(Invoker.java:901)
	at org.testng.internal.Invoker.invokeTestMethods(Invoker.java:1231)
	at org.testng.internal.TestMethodWorker.invokeTestMethods(TestMethodWorker.java:127)
	at org.testng.internal.TestMethodWorker.run(TestMethodWorker.java:111)
	at org.testng.TestRunner.privateRun(TestRunner.java:767)
	at org.testng.TestRunner.run(TestRunner.java:617)
	at org.testng.SuiteRunner.runTest(SuiteRunner.java:334)
	at org.testng.SuiteRunner.runSequentially(SuiteRunner.java:329)
	at org.testng.SuiteRunner.privateRun(SuiteRunner.java:291)
	at org.testng.SuiteRunner.run(SuiteRunner.java:240)
	at org.testng.SuiteRunnerWorker.runSuite(SuiteRunnerWorker.java:52)
	at org.testng.SuiteRunnerWorker.run(SuiteRunnerWorker.java:86)
	at org.testng.TestNG.runSuitesSequentially(TestNG.java:1198)
	at org.testng.TestNG.runSuitesLocally(TestNG.java:1123)
	at org.testng.TestNG.run(TestNG.java:1031)
	at org.testng.remote.AbstractRemoteTestNG.run(AbstractRemoteTestNG.java:114)
	at org.testng.remote.RemoteTestNG.initAndRun(RemoteTestNG.java:251)
	at org.testng.remote.RemoteTestNG.main(RemoteTestNG.java:77)
]]>
            </full-stacktrace>
          </exception> <!-- java.lang.NullPointerException -->
          <reporter-output>
          </reporter-output>
        </test-method> <!-- setUp -->
        <test-method status="SKIP" signature="loginPageTitle()[pri:0, instance:com.FB2021.test.SignInTest@6a41eaa2]" name="loginPageTitle" duration-ms="1" started-at="2021-01-08T15:47:32Z" finished-at="2021-01-08T15:47:32Z">
          <reporter-output>
          </reporter-output>
        </test-method> <!-- loginPageTitle -->
        <test-method status="SKIP" signature="TearDown()[pri:0, instance:com.FB2021.test.SignInTest@6a41eaa2]" name="TearDown" is-config="true" duration-ms="0" started-at="2021-01-08T15:47:32Z" finished-at="2021-01-08T15:47:32Z">
          <reporter-output>
          </reporter-output>
        </test-method> <!-- TearDown -->
      </class> <!-- com.FB2021.test.SignInTest -->
    </test> <!-- Test -->
  </suite> <!-- Suite -->
</testng-results>
